\BOOKMARK [1][-]{section*.2}{\376\377\004\037\004\117\004\102\004\114\000\040\004\077\004\076\004\074\004\065\004\102\004\076\004\072\000\040\004\107\004\065\004\101\004\102\004\075\004\076\004\101\004\102\004\070}{}% 1
\BOOKMARK [1][-]{section.1}{\376\377\004\030\004\067\000\040\004\107\004\065\004\063\004\076\000\040\004\101\004\064\004\065\004\073\004\060\004\075\004\076\000\040\004\062\004\101\004\121}{}% 2
\BOOKMARK [1][-]{section.2}{\376\377\004\037\004\076\004\107\004\065\004\074\004\103\000\040\004\070\004\074\004\065\004\075\004\075\004\076\000\040\004\101\004\065\004\074\004\114}{}% 3
\BOOKMARK [1][-]{section.3}{\376\377\004\047\004\102\004\076\000\040\004\102\004\060\004\072\004\076\004\065\000\040\004\062\004\100\004\065\004\074\004\117}{}% 4
\BOOKMARK [1][-]{section.4}{\376\377\004\035\004\060\004\107\004\060\004\073\004\076\000,\000\040\004\103\000\040\004\072\004\076\004\102\004\076\004\100\004\076\004\063\004\076\000\040\004\075\004\065\000\040\004\061\004\113\004\073\004\076\000\040\000\253\004\064\004\076\000\273}{}% 5
\BOOKMARK [1][-]{section.5}{\376\377\004\041\004\106\004\065\004\075\004\060\000:\000\040\004\077\004\076\004\107\004\065\004\074\004\103\000\040\004\077\004\100\004\076\004\101\004\102\004\100\004\060\004\075\004\101\004\102\004\062\004\076\000\040\004\102\004\100\004\121\004\105\004\074\004\065\004\100\004\075\004\076}{}% 6
\BOOKMARK [1][-]{section.6}{\376\377\004\047\004\102\004\076\000\040\004\102\004\060\004\072\004\076\004\065\000\040\004\062\004\065\004\111\004\070\000\040\000\050\004\070\000\040\004\065\004\101\004\102\004\114\000\040\004\073\004\070\000\040\004\101\004\060\004\074\004\060\004\117\000\040\004\074\004\060\004\073\004\065\004\075\004\114\004\072\004\060\004\117\000\051}{}% 7
\BOOKMARK [1][-]{section.7}{\376\377\004\047\004\102\004\076\000\040\004\102\004\060\004\072\004\076\004\065\000\040\004\066\004\070\004\067\004\075\004\114}{}% 8
\BOOKMARK [1][-]{section.8}{\376\377\004\036\004\072\004\075\004\076\000\040\004\101\004\076\004\067\004\075\004\060\004\075\004\070\004\117}{}% 9
\BOOKMARK [1][-]{section.9}{\376\377\004\033\004\065\004\101\004\102\004\075\004\070\004\106\004\060\000\040\004\062\004\075\004\103\004\102\004\100\004\070\000:\000\040\004\102\004\100\004\070\000\040\004\115\004\102\004\060\004\066\004\060\000\040\004\100\004\065\004\104\004\073\004\065\004\072\004\101\004\070\004\070}{}% 10
\BOOKMARK [1][-]{section.10}{\376\377\004\032\004\100\004\060\004\101\004\072\004\070\000\040\004\062\004\075\004\103\004\102\004\100\004\065\004\075\004\075\004\065\004\071\000\040\004\066\004\070\004\067\004\075\004\070}{}% 11
\BOOKMARK [1][-]{section.11}{\376\377\004\041\004\062\004\076\004\061\004\076\004\064\004\060}{}% 12
\BOOKMARK [1][-]{section.12}{\376\377\004\057\004\067\004\113\004\072\000\040\004\070\000\040\004\101\004\074\004\113\004\101\004\073\000:\000\040\004\101\004\072\004\062\004\076\004\067\004\114\000\040\004\070\004\063\004\076\004\073\004\114\004\075\004\076\004\065\000\040\004\103\004\110\004\072\004\076}{}% 13
\BOOKMARK [1][-]{section.13}{\376\377\004\037\004\060\004\074\004\117\004\102\004\114\000\040\004\070\000\040\004\103\004\107\004\065\004\075\004\070\004\065}{}% 14
\BOOKMARK [1][-]{section.14}{\376\377\004\024\004\100\004\103\004\063\004\070\004\065\000,\000\040\004\070\000\040\004\077\004\076\004\107\004\065\004\074\004\103\000\040\004\101\004\062\004\117\004\067\004\114\000\040\040\024\000\040\004\077\004\100\004\070\004\061\004\060\004\062\004\072\004\060\000\040\004\061\004\113\004\102\004\070\004\117}{}% 15
\BOOKMARK [1][-]{section.15}{\376\377\004\036\004\061\004\111\004\065\004\101\004\102\004\062\004\076\000,\000\040\004\101\004\062\004\065\004\100\004\105\004\100\004\060\004\067\004\103\004\074\000\040\004\070\000\040\004\077\004\076\004\102\004\076\004\073\004\076\004\072\000\040\004\061\004\060\004\110\004\065\004\075}{}% 16
\BOOKMARK [1][-]{section.16}{\376\377\004\027\004\064\004\076\004\100\004\076\004\062\004\114\004\065\000\040\004\103\004\067\004\076\004\100\004\060\000:\000\040\004\067\004\060\004\061\004\076\004\102\004\060\000\040\004\072\004\060\004\072\000\040\004\070\004\075\004\066\004\065\004\075\004\065\004\100\004\070\004\117}{}% 17
\BOOKMARK [1][-]{section.17}{\376\377\004\041\004\074\004\065\004\100\004\102\004\114\000,\000\040\004\077\004\060\004\074\004\117\004\102\004\114\000\040\004\074\004\070\004\100\004\060\000\040\004\070\000\040\000\253\004\062\004\065\004\107\004\075\004\076\000\040\004\073\004\070\000\040\004\062\004\101\004\121\000\040\004\115\004\102\004\076\000\273}{}% 18
\BOOKMARK [1][-]{section.18}{\376\377\004\032\004\102\004\076\000\040\004\101\004\074\004\076\004\102\004\100\004\065\004\073\000\040\004\075\004\060\000\040\004\074\004\070\004\100\000,\000\040\004\077\004\076\004\072\004\060\000\040\004\101\004\074\004\076\004\102\004\100\004\065\004\102\004\114\000\040\004\061\004\113\004\073\004\076\000\040\004\075\004\065\004\072\004\076\004\074\004\103}{}% 19
\BOOKMARK [1][-]{section.19}{\376\377\004\032\004\060\004\072\000\040\004\077\004\100\004\076\004\062\004\065\004\100\004\070\004\102\004\114\000,\000\040\004\107\004\102\004\076\000\040\004\062\004\101\004\121\000\040\004\115\004\102\004\076\000\040\004\077\004\100\004\060\004\062\004\064\004\060}{}% 20
\BOOKMARK [1][-]{section*.18}{\376\377\004\055\004\077\004\070\004\073\004\076\004\063\000:\000\040\004\077\004\100\004\076\004\064\004\076\004\073\004\066\004\065\004\075\004\070\004\065\000\040\004\101\004\073\004\065\004\064\004\103\004\065\004\102}{}% 21
\BOOKMARK [1][-]{section*.19}{\376\377\004\032\004\060\004\100\004\102\004\060\000\040\004\072\004\075\004\070\004\063\004\070}{}% 22
\BOOKMARK [1][-]{section*.21}{\376\377\004\041\004\073\004\076\004\062\004\060\004\100\004\070\004\072\000\040\004\076\004\061\004\100\004\060\004\067\004\076\004\062}{}% 23
\BOOKMARK [1][-]{section*.22}{\376\377\004\041\004\102\004\100\004\060\004\075\004\070\004\107\004\072\004\060\000\040\004\064\004\073\004\117\000\040\004\103\004\107\004\070\004\102\004\065\004\073\004\117}{}% 24
